[2020-07-06 14:37:44] local.INFO: select * from `tbl_admin` where `email` = ? limit 1 ["developer@schooltimes-d.ca"] 
[2020-07-06 14:37:44] local.INFO: select * from `tbl_techers`  
[2020-07-06 14:37:44] local.INFO: select * from `tbl_settings` where `item` = ? ["year"] 
[2020-07-06 14:37:44] local.INFO: SELECT d.class_date,  d.from_timing , d.to_timing, t.g_meet_url, s.subject_name,  t.name, c.class_name, c.section_name
							FROM tbl_dateclass d, tbl_techers t, tbl_student_subjects s, tbl_student_classes c
							where d.class_date = CURDATE()
							and d.subject_id = s.id
							and d.teacher_id = t.id
							and c.id = d.class_id
							order by d.from_timing  
[2020-07-06 14:37:44] local.INFO: select * from `tbl_techers`  
[2020-07-06 14:37:44] local.INFO: select * from `tbl_student_classes`  
[2020-07-06 14:37:44] local.INFO: select * from `tbl_class_timings`  
[2020-07-06 14:37:44] local.INFO: select * from `tbl_students`  
[2020-07-06 14:37:44] local.INFO: select * from `tbl_cmslinks`  
[2020-07-06 14:37:44] local.INFO: select * from `tbl_support_help`  
[2020-07-06 14:37:44] local.INFO: select t.name,t.phone, s.description, s.class_join_link 
							from tbl_support_help s, tbl_techers t 
							where t.id = s.teacher_id 
								and s.status='1' 
								order by s.updated_at 
								desc limit 1  
[2020-07-06 14:39:02] local.INFO: select * from `tbl_student_classes`  
[2020-07-06 14:39:02] local.INFO: select * from `tbl_student_subjects` where `tbl_student_subjects`.`id` = ? and `tbl_student_subjects`.`id` is not null limit 1 [2] 
[2020-07-06 14:39:02] local.INFO: select * from `tbl_student_subjects` where `tbl_student_subjects`.`id` = ? and `tbl_student_subjects`.`id` is not null limit 1 [6] 
[2020-07-06 14:39:02] local.INFO: select * from `tbl_student_subjects` where `tbl_student_subjects`.`id` = ? and `tbl_student_subjects`.`id` is not null limit 1 [1] 
[2020-07-06 14:39:02] local.INFO: select * from `tbl_student_subjects` where `tbl_student_subjects`.`id` = ? and `tbl_student_subjects`.`id` is not null limit 1 [3] 
[2020-07-06 14:39:02] local.INFO: select * from `tbl_student_subjects` where `tbl_student_subjects`.`id` = ? and `tbl_student_subjects`.`id` is not null limit 1 [9] 
[2020-07-06 14:39:02] local.INFO: select * from `tbl_student_subjects` where `tbl_student_subjects`.`id` = ? and `tbl_student_subjects`.`id` is not null limit 1 [11] 
[2020-07-06 14:39:02] local.INFO: select * from `tbl_student_subjects` where `tbl_student_subjects`.`id` = ? and `tbl_student_subjects`.`id` is not null limit 1 [12] 
[2020-07-06 14:39:02] local.INFO: select * from `tbl_student_subjects` where `tbl_student_subjects`.`id` = ? and `tbl_student_subjects`.`id` is not null limit 1 [15] 
[2020-07-06 14:39:02] local.INFO: select * from `tbl_student_subjects` where `tbl_student_subjects`.`id` = ? and `tbl_student_subjects`.`id` is not null limit 1 [8] 
[2020-07-06 14:39:02] local.INFO: select * from `tbl_student_subjects` where `tbl_student_subjects`.`id` = ? and `tbl_student_subjects`.`id` is not null limit 1 [7] 
[2020-07-06 14:39:02] local.INFO: select * from `tbl_student_subjects` where `tbl_student_subjects`.`id` = ? and `tbl_student_subjects`.`id` is not null limit 1 [14] 
[2020-07-06 14:39:02] local.INFO: select * from `tbl_student_subjects` where `tbl_student_subjects`.`id` = ? and `tbl_student_subjects`.`id` is not null limit 1 [2] 
[2020-07-06 14:39:02] local.INFO: select * from `tbl_student_subjects` where `tbl_student_subjects`.`id` = ? and `tbl_student_subjects`.`id` is not null limit 1 [9] 
[2020-07-06 14:39:02] local.INFO: select * from `tbl_student_subjects` where `tbl_student_subjects`.`id` = ? and `tbl_student_subjects`.`id` is not null limit 1 [2] 
[2020-07-06 14:39:02] local.INFO: select * from `tbl_student_subjects` where `tbl_student_subjects`.`id` = ? and `tbl_student_subjects`.`id` is not null limit 1 [6] 
[2020-07-06 14:39:02] local.INFO: select * from `tbl_student_subjects` where `tbl_student_subjects`.`id` = ? and `tbl_student_subjects`.`id` is not null limit 1 [1] 
[2020-07-06 14:39:02] local.INFO: select * from `tbl_student_subjects` where `tbl_student_subjects`.`id` = ? and `tbl_student_subjects`.`id` is not null limit 1 [3] 
[2020-07-06 14:39:02] local.INFO: select * from `tbl_student_subjects` where `tbl_student_subjects`.`id` = ? and `tbl_student_subjects`.`id` is not null limit 1 [2] 
[2020-07-06 14:39:02] local.INFO: select * from `tbl_student_subjects` where `tbl_student_subjects`.`id` = ? and `tbl_student_subjects`.`id` is not null limit 1 [8] 
[2020-07-06 14:39:02] local.INFO: select * from `tbl_student_subjects` where `tbl_student_subjects`.`id` = ? and `tbl_student_subjects`.`id` is not null limit 1 [8] 
[2020-07-06 14:39:02] local.INFO: select * from `tbl_student_subjects` where `tbl_student_subjects`.`id` = ? and `tbl_student_subjects`.`id` is not null limit 1 [12] 
[2020-07-06 14:39:02] local.INFO: select * from `tbl_student_subjects` where `tbl_student_subjects`.`id` = ? and `tbl_student_subjects`.`id` is not null limit 1 [6] 
[2020-07-06 14:39:02] local.INFO: select * from `tbl_student_subjects` where `tbl_student_subjects`.`id` = ? and `tbl_student_subjects`.`id` is not null limit 1 [6] 
[2020-07-06 14:39:02] local.INFO: select * from `tbl_student_subjects` where `tbl_student_subjects`.`id` = ? and `tbl_student_subjects`.`id` is not null limit 1 [1] 
[2020-07-06 14:39:02] local.INFO: select * from `tbl_student_subjects` where `tbl_student_subjects`.`id` = ? and `tbl_student_subjects`.`id` is not null limit 1 [8] 
[2020-07-06 14:39:02] local.INFO: select * from `tbl_student_subjects` where `tbl_student_subjects`.`id` = ? and `tbl_student_subjects`.`id` is not null limit 1 [9] 
[2020-07-06 14:39:02] local.INFO: select * from `tbl_student_subjects` where `tbl_student_subjects`.`id` = ? and `tbl_student_subjects`.`id` is not null limit 1 [15] 
[2020-07-06 14:39:02] local.INFO: select * from `tbl_student_subjects` where `tbl_student_subjects`.`id` = ? and `tbl_student_subjects`.`id` is not null limit 1 [10] 
[2020-07-06 14:39:02] local.INFO: select * from `tbl_student_subjects` where `tbl_student_subjects`.`id` = ? and `tbl_student_subjects`.`id` is not null limit 1 [11] 
[2020-07-06 14:39:02] local.INFO: select * from `tbl_student_subjects` where `tbl_student_subjects`.`id` = ? and `tbl_student_subjects`.`id` is not null limit 1 [4] 
[2020-07-06 14:39:02] local.INFO: select * from `tbl_student_subjects` where `tbl_student_subjects`.`id` = ? and `tbl_student_subjects`.`id` is not null limit 1 [4] 
[2020-07-06 14:39:02] local.INFO: select * from `tbl_student_subjects` where `tbl_student_subjects`.`id` = ? and `tbl_student_subjects`.`id` is not null limit 1 [15] 
[2020-07-06 14:39:02] local.INFO: select * from `tbl_student_subjects` where `tbl_student_subjects`.`id` = ? and `tbl_student_subjects`.`id` is not null limit 1 [14] 
[2020-07-06 14:39:02] local.INFO: select * from `tbl_student_subjects` where `tbl_student_subjects`.`id` = ? and `tbl_student_subjects`.`id` is not null limit 1 [1] 
[2020-07-06 14:39:02] local.INFO: select * from `tbl_student_subjects` where `tbl_student_subjects`.`id` = ? and `tbl_student_subjects`.`id` is not null limit 1 [4] 
[2020-07-06 14:39:02] local.INFO: select * from `tbl_student_subjects` where `tbl_student_subjects`.`id` = ? and `tbl_student_subjects`.`id` is not null limit 1 [10] 
[2020-07-06 14:39:02] local.INFO: select * from `tbl_student_subjects` where `tbl_student_subjects`.`id` = ? and `tbl_student_subjects`.`id` is not null limit 1 [13] 
[2020-07-06 14:39:02] local.INFO: select * from `tbl_student_subjects` where `tbl_student_subjects`.`id` = ? and `tbl_student_subjects`.`id` is not null limit 1 [9] 
[2020-07-06 14:39:02] local.INFO: select * from `tbl_techers`  
[2020-07-06 14:39:02] local.INFO: select * from `tbl_student_classes`  
[2020-07-06 14:39:02] local.INFO: select * from `tbl_class_timings`  
[2020-07-06 14:39:02] local.INFO: select * from `tbl_students`  
[2020-07-06 14:39:02] local.INFO: select * from `tbl_cmslinks`  
[2020-07-06 14:39:02] local.INFO: select * from `tbl_support_help`  
[2020-07-06 14:39:02] local.INFO: select t.name,t.phone, s.description, s.class_join_link 
							from tbl_support_help s, tbl_techers t 
							where t.id = s.teacher_id 
								and s.status='1' 
								order by s.updated_at 
								desc limit 1  
[2020-07-06 14:39:04] local.INFO: select * from `tbl_class_timings` inner join `tbl_techers` on `tbl_techers`.`id` = `tbl_class_timings`.`teacher_id`  
[2020-07-06 14:39:04] local.INFO: select distinct `class_name` from `tbl_student_classes`  
[2020-07-06 14:39:04] local.INFO: select distinct `section_name` from `tbl_student_classes`  
[2020-07-06 14:39:04] local.INFO: select `id`, `name` from `tbl_techers`  
[2020-07-06 14:39:04] local.INFO: select `s`.`id`, `s`.`subject_name` from `tbl_student_classes` as `c` inner join `tbl_student_subjects` as `s` on `c`.`subject_id` = `s`.`id` where `s`.`subject_name` <> ? ["Lunch"] 
[2020-07-06 14:39:04] local.INFO: select distinct `from_timing`, `to_timing` from `tbl_class_timings`  
[2020-07-06 14:39:04] local.INFO: select * from `tbl_techers`  
[2020-07-06 14:39:04] local.INFO: select * from `tbl_student_classes`  
[2020-07-06 14:39:04] local.INFO: select * from `tbl_class_timings`  
[2020-07-06 14:39:04] local.INFO: select * from `tbl_students`  
[2020-07-06 14:39:04] local.INFO: select * from `tbl_cmslinks`  
[2020-07-06 14:39:04] local.INFO: select * from `tbl_support_help`  
[2020-07-06 14:39:04] local.INFO: select t.name,t.phone, s.description, s.class_join_link 
							from tbl_support_help s, tbl_techers t 
							where t.id = s.teacher_id 
								and s.status='1' 
								order by s.updated_at 
								desc limit 1  
[2020-07-06 14:39:06] local.INFO: select s.id, s.name, s.email, s.phone, s.notify, c.class_name, c.section_name from tbl_students s left join tbl_classes c on c.id = s.class_id  
[2020-07-06 14:39:06] local.INFO: select * from `tbl_techers`  
[2020-07-06 14:39:06] local.INFO: select * from `tbl_student_classes`  
[2020-07-06 14:39:06] local.INFO: select * from `tbl_class_timings`  
[2020-07-06 14:39:06] local.INFO: select * from `tbl_students`  
[2020-07-06 14:39:06] local.INFO: select * from `tbl_cmslinks`  
[2020-07-06 14:39:06] local.INFO: select * from `tbl_support_help`  
[2020-07-06 14:39:06] local.INFO: select t.name,t.phone, s.description, s.class_join_link 
							from tbl_support_help s, tbl_techers t 
							where t.id = s.teacher_id 
								and s.status='1' 
								order by s.updated_at 
								desc limit 1  
[2020-07-06 14:39:07] local.INFO: select * from `tbl_class_timings` inner join `tbl_techers` on `tbl_techers`.`id` = `tbl_class_timings`.`teacher_id`  
[2020-07-06 14:39:07] local.INFO: select distinct `class_name` from `tbl_student_classes`  
[2020-07-06 14:39:07] local.INFO: select distinct `section_name` from `tbl_student_classes`  
[2020-07-06 14:39:07] local.INFO: select `id`, `name` from `tbl_techers`  
[2020-07-06 14:39:07] local.INFO: select `s`.`id`, `s`.`subject_name` from `tbl_student_classes` as `c` inner join `tbl_student_subjects` as `s` on `c`.`subject_id` = `s`.`id` where `s`.`subject_name` <> ? ["Lunch"] 
[2020-07-06 14:39:07] local.INFO: select distinct `from_timing`, `to_timing` from `tbl_class_timings`  
[2020-07-06 14:39:07] local.INFO: select * from `tbl_techers`  
[2020-07-06 14:39:07] local.INFO: select * from `tbl_student_classes`  
[2020-07-06 14:39:07] local.INFO: select * from `tbl_class_timings`  
[2020-07-06 14:39:07] local.INFO: select * from `tbl_students`  
[2020-07-06 14:39:07] local.INFO: select * from `tbl_cmslinks`  
[2020-07-06 14:39:07] local.INFO: select * from `tbl_support_help`  
[2020-07-06 14:39:07] local.INFO: select t.name,t.phone, s.description, s.class_join_link 
							from tbl_support_help s, tbl_techers t 
							where t.id = s.teacher_id 
								and s.status='1' 
								order by s.updated_at 
								desc limit 1  
[2020-07-06 14:39:11] local.INFO: SELECT DISTINCT from_timing FROM `tbl_class_timings` ORDER by from_timing  
[2020-07-06 14:39:11] local.INFO: SELECT t.id, t.from_timing, t.to_timing, t.class_day, r.name, s.subject_name , t.is_lunch, r.g_meet_url
													FROM tbl_class_timings t
													left join tbl_student_subjects s on s.id = t.subject_id
													left join tbl_student_classes c on c.id = t.class_id
													left join tbl_techers r on r.id = t.teacher_id
													where c.class_name = ? and c.section_name=?
													and from_timing = ? ["10","A","05:00:00"] 
[2020-07-06 14:39:11] local.INFO: SELECT t.id, t.from_timing, t.to_timing, t.class_day, r.name, s.subject_name , t.is_lunch, r.g_meet_url
													FROM tbl_class_timings t
													left join tbl_student_subjects s on s.id = t.subject_id
													left join tbl_student_classes c on c.id = t.class_id
													left join tbl_techers r on r.id = t.teacher_id
													where c.class_name = ? and c.section_name=?
													and from_timing = ? ["10","A","05:30:00"] 
[2020-07-06 14:39:11] local.INFO: SELECT t.id, t.from_timing, t.to_timing, t.class_day, r.name, s.subject_name , t.is_lunch, r.g_meet_url
													FROM tbl_class_timings t
													left join tbl_student_subjects s on s.id = t.subject_id
													left join tbl_student_classes c on c.id = t.class_id
													left join tbl_techers r on r.id = t.teacher_id
													where c.class_name = ? and c.section_name=?
													and from_timing = ? ["10","A","06:00:00"] 
[2020-07-06 14:39:11] local.INFO: SELECT t.id, t.from_timing, t.to_timing, t.class_day, r.name, s.subject_name , t.is_lunch, r.g_meet_url
													FROM tbl_class_timings t
													left join tbl_student_subjects s on s.id = t.subject_id
													left join tbl_student_classes c on c.id = t.class_id
													left join tbl_techers r on r.id = t.teacher_id
													where c.class_name = ? and c.section_name=?
													and from_timing = ? ["10","A","07:00:00"] 
[2020-07-06 14:39:11] local.INFO: SELECT t.id, t.from_timing, t.to_timing, t.class_day, r.name, s.subject_name , t.is_lunch, r.g_meet_url
													FROM tbl_class_timings t
													left join tbl_student_subjects s on s.id = t.subject_id
													left join tbl_student_classes c on c.id = t.class_id
													left join tbl_techers r on r.id = t.teacher_id
													where c.class_name = ? and c.section_name=?
													and from_timing = ? ["10","A","08:00:00"] 
[2020-07-06 14:39:11] local.INFO: SELECT t.id, t.from_timing, t.to_timing, t.class_day, r.name, s.subject_name , t.is_lunch, r.g_meet_url
													FROM tbl_class_timings t
													left join tbl_student_subjects s on s.id = t.subject_id
													left join tbl_student_classes c on c.id = t.class_id
													left join tbl_techers r on r.id = t.teacher_id
													where c.class_name = ? and c.section_name=?
													and from_timing = ? ["10","A","09:00:00"] 
[2020-07-06 14:39:11] local.INFO: SELECT t.id, t.from_timing, t.to_timing, t.class_day, r.name, s.subject_name , t.is_lunch, r.g_meet_url
													FROM tbl_class_timings t
													left join tbl_student_subjects s on s.id = t.subject_id
													left join tbl_student_classes c on c.id = t.class_id
													left join tbl_techers r on r.id = t.teacher_id
													where c.class_name = ? and c.section_name=?
													and from_timing = ? ["10","A","09:40:00"] 
[2020-07-06 14:39:11] local.INFO: SELECT t.id, t.from_timing, t.to_timing, t.class_day, r.name, s.subject_name , t.is_lunch, r.g_meet_url
													FROM tbl_class_timings t
													left join tbl_student_subjects s on s.id = t.subject_id
													left join tbl_student_classes c on c.id = t.class_id
													left join tbl_techers r on r.id = t.teacher_id
													where c.class_name = ? and c.section_name=?
													and from_timing = ? ["10","A","10:00:00"] 
[2020-07-06 14:39:11] local.INFO: SELECT t.id, t.from_timing, t.to_timing, t.class_day, r.name, s.subject_name , t.is_lunch, r.g_meet_url
													FROM tbl_class_timings t
													left join tbl_student_subjects s on s.id = t.subject_id
													left join tbl_student_classes c on c.id = t.class_id
													left join tbl_techers r on r.id = t.teacher_id
													where c.class_name = ? and c.section_name=?
													and from_timing = ? ["10","A","10:20:00"] 
[2020-07-06 14:39:11] local.INFO: SELECT t.id, t.from_timing, t.to_timing, t.class_day, r.name, s.subject_name , t.is_lunch, r.g_meet_url
													FROM tbl_class_timings t
													left join tbl_student_subjects s on s.id = t.subject_id
													left join tbl_student_classes c on c.id = t.class_id
													left join tbl_techers r on r.id = t.teacher_id
													where c.class_name = ? and c.section_name=?
													and from_timing = ? ["10","A","11:00:00"] 
[2020-07-06 14:39:11] local.INFO: SELECT t.id, t.from_timing, t.to_timing, t.class_day, r.name, s.subject_name , t.is_lunch, r.g_meet_url
													FROM tbl_class_timings t
													left join tbl_student_subjects s on s.id = t.subject_id
													left join tbl_student_classes c on c.id = t.class_id
													left join tbl_techers r on r.id = t.teacher_id
													where c.class_name = ? and c.section_name=?
													and from_timing = ? ["10","A","11:40:00"] 
[2020-07-06 14:39:11] local.INFO: SELECT t.id, t.from_timing, t.to_timing, t.class_day, r.name, s.subject_name , t.is_lunch, r.g_meet_url
													FROM tbl_class_timings t
													left join tbl_student_subjects s on s.id = t.subject_id
													left join tbl_student_classes c on c.id = t.class_id
													left join tbl_techers r on r.id = t.teacher_id
													where c.class_name = ? and c.section_name=?
													and from_timing = ? ["10","A","12:00:00"] 
[2020-07-06 14:39:11] local.INFO: SELECT t.id, t.from_timing, t.to_timing, t.class_day, r.name, s.subject_name , t.is_lunch, r.g_meet_url
													FROM tbl_class_timings t
													left join tbl_student_subjects s on s.id = t.subject_id
													left join tbl_student_classes c on c.id = t.class_id
													left join tbl_techers r on r.id = t.teacher_id
													where c.class_name = ? and c.section_name=?
													and from_timing = ? ["10","A","12:20:00"] 
[2020-07-06 14:39:11] local.INFO: SELECT t.id, t.from_timing, t.to_timing, t.class_day, r.name, s.subject_name , t.is_lunch, r.g_meet_url
													FROM tbl_class_timings t
													left join tbl_student_subjects s on s.id = t.subject_id
													left join tbl_student_classes c on c.id = t.class_id
													left join tbl_techers r on r.id = t.teacher_id
													where c.class_name = ? and c.section_name=?
													and from_timing = ? ["10","A","13:00:00"] 
[2020-07-06 14:39:11] local.INFO: SELECT t.id, t.from_timing, t.to_timing, t.class_day, r.name, s.subject_name , t.is_lunch, r.g_meet_url
													FROM tbl_class_timings t
													left join tbl_student_subjects s on s.id = t.subject_id
													left join tbl_student_classes c on c.id = t.class_id
													left join tbl_techers r on r.id = t.teacher_id
													where c.class_name = ? and c.section_name=?
													and from_timing = ? ["10","A","13:40:00"] 
[2020-07-06 14:39:11] local.INFO: SELECT t.id, t.from_timing, t.to_timing, t.class_day, r.name, s.subject_name , t.is_lunch, r.g_meet_url
													FROM tbl_class_timings t
													left join tbl_student_subjects s on s.id = t.subject_id
													left join tbl_student_classes c on c.id = t.class_id
													left join tbl_techers r on r.id = t.teacher_id
													where c.class_name = ? and c.section_name=?
													and from_timing = ? ["10","A","14:00:00"] 
[2020-07-06 14:39:11] local.INFO: SELECT t.id, t.from_timing, t.to_timing, t.class_day, r.name, s.subject_name , t.is_lunch, r.g_meet_url
													FROM tbl_class_timings t
													left join tbl_student_subjects s on s.id = t.subject_id
													left join tbl_student_classes c on c.id = t.class_id
													left join tbl_techers r on r.id = t.teacher_id
													where c.class_name = ? and c.section_name=?
													and from_timing = ? ["10","A","14:20:00"] 
[2020-07-06 14:39:11] local.INFO: SELECT t.id, t.from_timing, t.to_timing, t.class_day, r.name, s.subject_name , t.is_lunch, r.g_meet_url
													FROM tbl_class_timings t
													left join tbl_student_subjects s on s.id = t.subject_id
													left join tbl_student_classes c on c.id = t.class_id
													left join tbl_techers r on r.id = t.teacher_id
													where c.class_name = ? and c.section_name=?
													and from_timing = ? ["10","A","15:00:00"] 
[2020-07-06 14:39:11] local.INFO: SELECT t.id, t.from_timing, t.to_timing, t.class_day, r.name, s.subject_name , t.is_lunch, r.g_meet_url
													FROM tbl_class_timings t
													left join tbl_student_subjects s on s.id = t.subject_id
													left join tbl_student_classes c on c.id = t.class_id
													left join tbl_techers r on r.id = t.teacher_id
													where c.class_name = ? and c.section_name=?
													and from_timing = ? ["10","A","16:00:00"] 
[2020-07-06 14:39:11] local.INFO: SELECT t.id, t.from_timing, t.to_timing, t.class_day, r.name, s.subject_name , t.is_lunch, r.g_meet_url
													FROM tbl_class_timings t
													left join tbl_student_subjects s on s.id = t.subject_id
													left join tbl_student_classes c on c.id = t.class_id
													left join tbl_techers r on r.id = t.teacher_id
													where c.class_name = ? and c.section_name=?
													and from_timing = ? ["10","A","17:00:00"] 
[2020-07-06 14:39:16] local.INFO: select s.id, s.name, s.email, s.phone, s.notify, c.class_name, c.section_name from tbl_students s left join tbl_classes c on c.id = s.class_id  
[2020-07-06 14:39:16] local.INFO: select * from `tbl_techers`  
[2020-07-06 14:39:16] local.INFO: select * from `tbl_student_classes`  
[2020-07-06 14:39:16] local.INFO: select * from `tbl_class_timings`  
[2020-07-06 14:39:16] local.INFO: select * from `tbl_students`  
[2020-07-06 14:39:16] local.INFO: select * from `tbl_cmslinks`  
[2020-07-06 14:39:16] local.INFO: select * from `tbl_support_help`  
[2020-07-06 14:39:16] local.INFO: select t.name,t.phone, s.description, s.class_join_link 
							from tbl_support_help s, tbl_techers t 
							where t.id = s.teacher_id 
								and s.status='1' 
								order by s.updated_at 
								desc limit 1  
[2020-07-06 14:39:18] local.INFO: select * from `tbl_techers`  
[2020-07-06 14:39:18] local.INFO: select * from `tbl_settings` where `item` = ? ["year"] 
[2020-07-06 14:39:18] local.INFO: SELECT d.class_date,  d.from_timing , d.to_timing, t.g_meet_url, s.subject_name,  t.name, c.class_name, c.section_name
							FROM tbl_dateclass d, tbl_techers t, tbl_student_subjects s, tbl_student_classes c
							where d.class_date = CURDATE()
							and d.subject_id = s.id
							and d.teacher_id = t.id
							and c.id = d.class_id
							order by d.from_timing  
[2020-07-06 14:39:18] local.INFO: select * from `tbl_techers`  
[2020-07-06 14:39:18] local.INFO: select * from `tbl_student_classes`  
[2020-07-06 14:39:18] local.INFO: select * from `tbl_class_timings`  
[2020-07-06 14:39:18] local.INFO: select * from `tbl_students`  
[2020-07-06 14:39:18] local.INFO: select * from `tbl_cmslinks`  
[2020-07-06 14:39:18] local.INFO: select * from `tbl_support_help`  
[2020-07-06 14:39:18] local.INFO: select t.name,t.phone, s.description, s.class_join_link 
							from tbl_support_help s, tbl_techers t 
							where t.id = s.teacher_id 
								and s.status='1' 
								order by s.updated_at 
								desc limit 1  
[2020-07-06 15:21:20] local.INFO: select * from `tbl_admin` where `email` = ? limit 1 ["developer@schooltimes-d.ca"] 
[2020-07-06 15:21:20] local.INFO: select * from `tbl_techers`  
[2020-07-06 15:21:20] local.INFO: select * from `tbl_settings` where `item` = ? ["year"] 
[2020-07-06 15:21:20] local.INFO: SELECT d.class_date,  d.from_timing , d.to_timing, t.g_meet_url, s.subject_name,  t.name, c.class_name, c.section_name
							FROM tbl_dateclass d, tbl_techers t, tbl_student_subjects s, tbl_student_classes c
							where d.class_date = CURDATE()
							and d.subject_id = s.id
							and d.teacher_id = t.id
							and c.id = d.class_id
							order by d.from_timing  
[2020-07-06 15:21:20] local.INFO: select * from `tbl_techers`  
[2020-07-06 15:21:20] local.INFO: select * from `tbl_student_classes`  
[2020-07-06 15:21:20] local.INFO: select * from `tbl_class_timings`  
[2020-07-06 15:21:20] local.INFO: select * from `tbl_students`  
[2020-07-06 15:21:20] local.INFO: select * from `tbl_cmslinks`  
[2020-07-06 15:21:20] local.INFO: select * from `tbl_support_help`  
[2020-07-06 15:21:20] local.INFO: select t.name,t.phone, s.description, s.class_join_link 
							from tbl_support_help s, tbl_techers t 
							where t.id = s.teacher_id 
								and s.status='1' 
								order by s.updated_at 
								desc limit 1  
[2020-07-06 15:29:24] local.INFO: select * from `tbl_admin` where `email` = ? limit 1 ["developer@schooltimes-d.ca"] 
[2020-07-06 15:29:24] local.INFO: select * from `tbl_techers`  
[2020-07-06 15:29:24] local.INFO: select * from `tbl_settings` where `item` = ? ["year"] 
[2020-07-06 15:29:24] local.INFO: SELECT d.class_date,  d.from_timing , d.to_timing, t.g_meet_url, s.subject_name,  t.name, c.class_name, c.section_name
							FROM tbl_dateclass d, tbl_techers t, tbl_student_subjects s, tbl_student_classes c
							where d.class_date = CURDATE()
							and d.subject_id = s.id
							and d.teacher_id = t.id
							and c.id = d.class_id
							order by d.from_timing  
[2020-07-06 15:29:24] local.INFO: select * from `tbl_techers`  
[2020-07-06 15:29:24] local.INFO: select * from `tbl_student_classes`  
[2020-07-06 15:29:24] local.INFO: select * from `tbl_class_timings`  
[2020-07-06 15:29:24] local.INFO: select * from `tbl_students`  
[2020-07-06 15:29:24] local.INFO: select * from `tbl_cmslinks`  
[2020-07-06 15:29:24] local.INFO: select * from `tbl_support_help`  
[2020-07-06 15:29:24] local.INFO: select t.name,t.phone, s.description, s.class_join_link 
							from tbl_support_help s, tbl_techers t 
							where t.id = s.teacher_id 
								and s.status='1' 
								order by s.updated_at 
								desc limit 1  
[2020-07-06 15:32:10] local.INFO: select * from `tbl_admin` where `email` = ? limit 1 ["developer@schooltimes-d.ca"] 
[2020-07-06 15:32:10] local.INFO: select * from `tbl_techers`  
[2020-07-06 15:32:10] local.INFO: select * from `tbl_settings` where `item` = ? ["year"] 
[2020-07-06 15:32:10] local.INFO: SELECT d.class_date,  d.from_timing , d.to_timing, t.g_meet_url, s.subject_name,  t.name, c.class_name, c.section_name
							FROM tbl_dateclass d, tbl_techers t, tbl_student_subjects s, tbl_student_classes c
							where d.class_date = CURDATE()
							and d.subject_id = s.id
							and d.teacher_id = t.id
							and c.id = d.class_id
							order by d.from_timing  
[2020-07-06 15:32:10] local.INFO: select * from `tbl_techers`  
[2020-07-06 15:32:10] local.INFO: select * from `tbl_student_classes`  
[2020-07-06 15:32:10] local.INFO: select * from `tbl_class_timings`  
[2020-07-06 15:32:10] local.INFO: select * from `tbl_students`  
[2020-07-06 15:32:10] local.INFO: select * from `tbl_cmslinks`  
[2020-07-06 15:32:10] local.INFO: select * from `tbl_support_help`  
[2020-07-06 15:32:10] local.INFO: select t.name,t.phone, s.description, s.class_join_link 
							from tbl_support_help s, tbl_techers t 
							where t.id = s.teacher_id 
								and s.status='1' 
								order by s.updated_at 
								desc limit 1  
[2020-07-06 15:32:28] local.INFO: select * from `tbl_admin` where `email` = ? limit 1 ["developer@schooltimes-d.ca"] 
[2020-07-06 15:32:28] local.INFO: select * from `tbl_techers`  
[2020-07-06 15:32:28] local.INFO: select * from `tbl_settings` where `item` = ? ["year"] 
[2020-07-06 15:32:28] local.INFO: SELECT d.class_date,  d.from_timing , d.to_timing, t.g_meet_url, s.subject_name,  t.name, c.class_name, c.section_name
							FROM tbl_dateclass d, tbl_techers t, tbl_student_subjects s, tbl_student_classes c
							where d.class_date = CURDATE()
							and d.subject_id = s.id
							and d.teacher_id = t.id
							and c.id = d.class_id
							order by d.from_timing  
[2020-07-06 15:32:28] local.INFO: select * from `tbl_techers`  
[2020-07-06 15:32:28] local.INFO: select * from `tbl_student_classes`  
[2020-07-06 15:32:28] local.INFO: select * from `tbl_class_timings`  
[2020-07-06 15:32:28] local.INFO: select * from `tbl_students`  
[2020-07-06 15:32:28] local.INFO: select * from `tbl_cmslinks`  
[2020-07-06 15:32:28] local.INFO: select * from `tbl_support_help`  
[2020-07-06 15:32:28] local.INFO: select t.name,t.phone, s.description, s.class_join_link 
							from tbl_support_help s, tbl_techers t 
							where t.id = s.teacher_id 
								and s.status='1' 
								order by s.updated_at 
								desc limit 1  
[2020-07-06 15:43:36] local.INFO: select * from `tbl_student_classes`  
[2020-07-06 15:43:36] local.INFO: select * from `tbl_student_subjects` where `tbl_student_subjects`.`id` = ? and `tbl_student_subjects`.`id` is not null limit 1 [2] 
[2020-07-06 15:43:36] local.INFO: select * from `tbl_student_subjects` where `tbl_student_subjects`.`id` = ? and `tbl_student_subjects`.`id` is not null limit 1 [6] 
[2020-07-06 15:43:36] local.INFO: select * from `tbl_student_subjects` where `tbl_student_subjects`.`id` = ? and `tbl_student_subjects`.`id` is not null limit 1 [1] 
[2020-07-06 15:43:36] local.INFO: select * from `tbl_student_subjects` where `tbl_student_subjects`.`id` = ? and `tbl_student_subjects`.`id` is not null limit 1 [3] 
[2020-07-06 15:43:36] local.INFO: select * from `tbl_student_subjects` where `tbl_student_subjects`.`id` = ? and `tbl_student_subjects`.`id` is not null limit 1 [9] 
[2020-07-06 15:43:36] local.INFO: select * from `tbl_student_subjects` where `tbl_student_subjects`.`id` = ? and `tbl_student_subjects`.`id` is not null limit 1 [11] 
[2020-07-06 15:43:36] local.INFO: select * from `tbl_student_subjects` where `tbl_student_subjects`.`id` = ? and `tbl_student_subjects`.`id` is not null limit 1 [12] 
[2020-07-06 15:43:36] local.INFO: select * from `tbl_student_subjects` where `tbl_student_subjects`.`id` = ? and `tbl_student_subjects`.`id` is not null limit 1 [15] 
[2020-07-06 15:43:36] local.INFO: select * from `tbl_student_subjects` where `tbl_student_subjects`.`id` = ? and `tbl_student_subjects`.`id` is not null limit 1 [8] 
[2020-07-06 15:43:36] local.INFO: select * from `tbl_student_subjects` where `tbl_student_subjects`.`id` = ? and `tbl_student_subjects`.`id` is not null limit 1 [7] 
[2020-07-06 15:43:36] local.INFO: select * from `tbl_student_subjects` where `tbl_student_subjects`.`id` = ? and `tbl_student_subjects`.`id` is not null limit 1 [14] 
[2020-07-06 15:43:36] local.INFO: select * from `tbl_student_subjects` where `tbl_student_subjects`.`id` = ? and `tbl_student_subjects`.`id` is not null limit 1 [2] 
[2020-07-06 15:43:36] local.INFO: select * from `tbl_student_subjects` where `tbl_student_subjects`.`id` = ? and `tbl_student_subjects`.`id` is not null limit 1 [9] 
[2020-07-06 15:43:36] local.INFO: select * from `tbl_student_subjects` where `tbl_student_subjects`.`id` = ? and `tbl_student_subjects`.`id` is not null limit 1 [2] 
[2020-07-06 15:43:36] local.INFO: select * from `tbl_student_subjects` where `tbl_student_subjects`.`id` = ? and `tbl_student_subjects`.`id` is not null limit 1 [6] 
[2020-07-06 15:43:36] local.INFO: select * from `tbl_student_subjects` where `tbl_student_subjects`.`id` = ? and `tbl_student_subjects`.`id` is not null limit 1 [1] 
[2020-07-06 15:43:36] local.INFO: select * from `tbl_student_subjects` where `tbl_student_subjects`.`id` = ? and `tbl_student_subjects`.`id` is not null limit 1 [3] 
[2020-07-06 15:43:36] local.INFO: select * from `tbl_student_subjects` where `tbl_student_subjects`.`id` = ? and `tbl_student_subjects`.`id` is not null limit 1 [2] 
[2020-07-06 15:43:36] local.INFO: select * from `tbl_student_subjects` where `tbl_student_subjects`.`id` = ? and `tbl_student_subjects`.`id` is not null limit 1 [8] 
[2020-07-06 15:43:36] local.INFO: select * from `tbl_student_subjects` where `tbl_student_subjects`.`id` = ? and `tbl_student_subjects`.`id` is not null limit 1 [8] 
[2020-07-06 15:43:36] local.INFO: select * from `tbl_student_subjects` where `tbl_student_subjects`.`id` = ? and `tbl_student_subjects`.`id` is not null limit 1 [12] 
[2020-07-06 15:43:36] local.INFO: select * from `tbl_student_subjects` where `tbl_student_subjects`.`id` = ? and `tbl_student_subjects`.`id` is not null limit 1 [6] 
[2020-07-06 15:43:36] local.INFO: select * from `tbl_student_subjects` where `tbl_student_subjects`.`id` = ? and `tbl_student_subjects`.`id` is not null limit 1 [6] 
[2020-07-06 15:43:36] local.INFO: select * from `tbl_student_subjects` where `tbl_student_subjects`.`id` = ? and `tbl_student_subjects`.`id` is not null limit 1 [1] 
[2020-07-06 15:43:36] local.INFO: select * from `tbl_student_subjects` where `tbl_student_subjects`.`id` = ? and `tbl_student_subjects`.`id` is not null limit 1 [8] 
[2020-07-06 15:43:36] local.INFO: select * from `tbl_student_subjects` where `tbl_student_subjects`.`id` = ? and `tbl_student_subjects`.`id` is not null limit 1 [9] 
[2020-07-06 15:43:36] local.INFO: select * from `tbl_student_subjects` where `tbl_student_subjects`.`id` = ? and `tbl_student_subjects`.`id` is not null limit 1 [15] 
[2020-07-06 15:43:36] local.INFO: select * from `tbl_student_subjects` where `tbl_student_subjects`.`id` = ? and `tbl_student_subjects`.`id` is not null limit 1 [10] 
[2020-07-06 15:43:36] local.INFO: select * from `tbl_student_subjects` where `tbl_student_subjects`.`id` = ? and `tbl_student_subjects`.`id` is not null limit 1 [11] 
[2020-07-06 15:43:36] local.INFO: select * from `tbl_student_subjects` where `tbl_student_subjects`.`id` = ? and `tbl_student_subjects`.`id` is not null limit 1 [4] 
[2020-07-06 15:43:36] local.INFO: select * from `tbl_student_subjects` where `tbl_student_subjects`.`id` = ? and `tbl_student_subjects`.`id` is not null limit 1 [4] 
[2020-07-06 15:43:36] local.INFO: select * from `tbl_student_subjects` where `tbl_student_subjects`.`id` = ? and `tbl_student_subjects`.`id` is not null limit 1 [15] 
[2020-07-06 15:43:36] local.INFO: select * from `tbl_student_subjects` where `tbl_student_subjects`.`id` = ? and `tbl_student_subjects`.`id` is not null limit 1 [14] 
[2020-07-06 15:43:36] local.INFO: select * from `tbl_student_subjects` where `tbl_student_subjects`.`id` = ? and `tbl_student_subjects`.`id` is not null limit 1 [1] 
[2020-07-06 15:43:36] local.INFO: select * from `tbl_student_subjects` where `tbl_student_subjects`.`id` = ? and `tbl_student_subjects`.`id` is not null limit 1 [4] 
[2020-07-06 15:43:36] local.INFO: select * from `tbl_student_subjects` where `tbl_student_subjects`.`id` = ? and `tbl_student_subjects`.`id` is not null limit 1 [10] 
[2020-07-06 15:43:36] local.INFO: select * from `tbl_student_subjects` where `tbl_student_subjects`.`id` = ? and `tbl_student_subjects`.`id` is not null limit 1 [13] 
[2020-07-06 15:43:36] local.INFO: select * from `tbl_student_subjects` where `tbl_student_subjects`.`id` = ? and `tbl_student_subjects`.`id` is not null limit 1 [9] 
[2020-07-06 15:43:36] local.INFO: select * from `tbl_techers`  
[2020-07-06 15:43:36] local.INFO: select * from `tbl_student_classes`  
[2020-07-06 15:43:36] local.INFO: select * from `tbl_class_timings`  
[2020-07-06 15:43:36] local.INFO: select * from `tbl_students`  
[2020-07-06 15:43:36] local.INFO: select * from `tbl_cmslinks`  
[2020-07-06 15:43:36] local.INFO: select * from `tbl_support_help`  
[2020-07-06 15:43:36] local.INFO: select t.name,t.phone, s.description, s.class_join_link 
							from tbl_support_help s, tbl_techers t 
							where t.id = s.teacher_id 
								and s.status='1' 
								order by s.updated_at 
								desc limit 1  
[2020-07-06 15:43:38] local.INFO: select * from `tbl_class_timings` inner join `tbl_techers` on `tbl_techers`.`id` = `tbl_class_timings`.`teacher_id`  
[2020-07-06 15:43:38] local.INFO: select distinct `class_name` from `tbl_student_classes`  
[2020-07-06 15:43:38] local.INFO: select distinct `section_name` from `tbl_student_classes`  
[2020-07-06 15:43:38] local.INFO: select `id`, `name` from `tbl_techers`  
[2020-07-06 15:43:38] local.INFO: select `s`.`id`, `s`.`subject_name` from `tbl_student_classes` as `c` inner join `tbl_student_subjects` as `s` on `c`.`subject_id` = `s`.`id` where `s`.`subject_name` <> ? ["Lunch"] 
[2020-07-06 15:43:38] local.INFO: select distinct `from_timing`, `to_timing` from `tbl_class_timings`  
[2020-07-06 15:43:38] local.INFO: select * from `tbl_techers`  
[2020-07-06 15:43:38] local.INFO: select * from `tbl_student_classes`  
[2020-07-06 15:43:38] local.INFO: select * from `tbl_class_timings`  
[2020-07-06 15:43:38] local.INFO: select * from `tbl_students`  
[2020-07-06 15:43:38] local.INFO: select * from `tbl_cmslinks`  
[2020-07-06 15:43:38] local.INFO: select * from `tbl_support_help`  
[2020-07-06 15:43:38] local.INFO: select t.name,t.phone, s.description, s.class_join_link 
							from tbl_support_help s, tbl_techers t 
							where t.id = s.teacher_id 
								and s.status='1' 
								order by s.updated_at 
								desc limit 1  
[2020-07-06 15:43:43] local.INFO: SELECT DISTINCT from_timing FROM `tbl_class_timings` ORDER by from_timing  
[2020-07-06 15:43:43] local.INFO: SELECT t.id, t.from_timing, t.to_timing, t.class_day, r.name, s.subject_name , t.is_lunch, r.g_meet_url
													FROM tbl_class_timings t
													left join tbl_student_subjects s on s.id = t.subject_id
													left join tbl_student_classes c on c.id = t.class_id
													left join tbl_techers r on r.id = t.teacher_id
													where c.class_name = ? and c.section_name=?
													and from_timing = ? ["10","A","05:00:00"] 
[2020-07-06 15:43:43] local.INFO: SELECT t.id, t.from_timing, t.to_timing, t.class_day, r.name, s.subject_name , t.is_lunch, r.g_meet_url
													FROM tbl_class_timings t
													left join tbl_student_subjects s on s.id = t.subject_id
													left join tbl_student_classes c on c.id = t.class_id
													left join tbl_techers r on r.id = t.teacher_id
													where c.class_name = ? and c.section_name=?
													and from_timing = ? ["10","A","05:30:00"] 
[2020-07-06 15:43:43] local.INFO: SELECT t.id, t.from_timing, t.to_timing, t.class_day, r.name, s.subject_name , t.is_lunch, r.g_meet_url
													FROM tbl_class_timings t
													left join tbl_student_subjects s on s.id = t.subject_id
													left join tbl_student_classes c on c.id = t.class_id
													left join tbl_techers r on r.id = t.teacher_id
													where c.class_name = ? and c.section_name=?
													and from_timing = ? ["10","A","06:00:00"] 
[2020-07-06 15:43:43] local.INFO: SELECT t.id, t.from_timing, t.to_timing, t.class_day, r.name, s.subject_name , t.is_lunch, r.g_meet_url
													FROM tbl_class_timings t
													left join tbl_student_subjects s on s.id = t.subject_id
													left join tbl_student_classes c on c.id = t.class_id
													left join tbl_techers r on r.id = t.teacher_id
													where c.class_name = ? and c.section_name=?
													and from_timing = ? ["10","A","07:00:00"] 
[2020-07-06 15:43:43] local.INFO: SELECT t.id, t.from_timing, t.to_timing, t.class_day, r.name, s.subject_name , t.is_lunch, r.g_meet_url
													FROM tbl_class_timings t
													left join tbl_student_subjects s on s.id = t.subject_id
													left join tbl_student_classes c on c.id = t.class_id
													left join tbl_techers r on r.id = t.teacher_id
													where c.class_name = ? and c.section_name=?
													and from_timing = ? ["10","A","08:00:00"] 
[2020-07-06 15:43:43] local.INFO: SELECT t.id, t.from_timing, t.to_timing, t.class_day, r.name, s.subject_name , t.is_lunch, r.g_meet_url
													FROM tbl_class_timings t
													left join tbl_student_subjects s on s.id = t.subject_id
													left join tbl_student_classes c on c.id = t.class_id
													left join tbl_techers r on r.id = t.teacher_id
													where c.class_name = ? and c.section_name=?
													and from_timing = ? ["10","A","09:00:00"] 
[2020-07-06 15:43:43] local.INFO: SELECT t.id, t.from_timing, t.to_timing, t.class_day, r.name, s.subject_name , t.is_lunch, r.g_meet_url
													FROM tbl_class_timings t
													left join tbl_student_subjects s on s.id = t.subject_id
													left join tbl_student_classes c on c.id = t.class_id
													left join tbl_techers r on r.id = t.teacher_id
													where c.class_name = ? and c.section_name=?
													and from_timing = ? ["10","A","09:40:00"] 
[2020-07-06 15:43:43] local.INFO: SELECT t.id, t.from_timing, t.to_timing, t.class_day, r.name, s.subject_name , t.is_lunch, r.g_meet_url
													FROM tbl_class_timings t
													left join tbl_student_subjects s on s.id = t.subject_id
													left join tbl_student_classes c on c.id = t.class_id
													left join tbl_techers r on r.id = t.teacher_id
													where c.class_name = ? and c.section_name=?
													and from_timing = ? ["10","A","10:00:00"] 
[2020-07-06 15:43:43] local.INFO: SELECT t.id, t.from_timing, t.to_timing, t.class_day, r.name, s.subject_name , t.is_lunch, r.g_meet_url
													FROM tbl_class_timings t
													left join tbl_student_subjects s on s.id = t.subject_id
													left join tbl_student_classes c on c.id = t.class_id
													left join tbl_techers r on r.id = t.teacher_id
													where c.class_name = ? and c.section_name=?
													and from_timing = ? ["10","A","10:20:00"] 
[2020-07-06 15:43:43] local.INFO: SELECT t.id, t.from_timing, t.to_timing, t.class_day, r.name, s.subject_name , t.is_lunch, r.g_meet_url
													FROM tbl_class_timings t
													left join tbl_student_subjects s on s.id = t.subject_id
													left join tbl_student_classes c on c.id = t.class_id
													left join tbl_techers r on r.id = t.teacher_id
													where c.class_name = ? and c.section_name=?
													and from_timing = ? ["10","A","11:00:00"] 
[2020-07-06 15:43:43] local.INFO: SELECT t.id, t.from_timing, t.to_timing, t.class_day, r.name, s.subject_name , t.is_lunch, r.g_meet_url
													FROM tbl_class_timings t
													left join tbl_student_subjects s on s.id = t.subject_id
													left join tbl_student_classes c on c.id = t.class_id
													left join tbl_techers r on r.id = t.teacher_id
													where c.class_name = ? and c.section_name=?
													and from_timing = ? ["10","A","11:40:00"] 
[2020-07-06 15:43:43] local.INFO: SELECT t.id, t.from_timing, t.to_timing, t.class_day, r.name, s.subject_name , t.is_lunch, r.g_meet_url
													FROM tbl_class_timings t
													left join tbl_student_subjects s on s.id = t.subject_id
													left join tbl_student_classes c on c.id = t.class_id
													left join tbl_techers r on r.id = t.teacher_id
													where c.class_name = ? and c.section_name=?
													and from_timing = ? ["10","A","12:00:00"] 
[2020-07-06 15:43:43] local.INFO: SELECT t.id, t.from_timing, t.to_timing, t.class_day, r.name, s.subject_name , t.is_lunch, r.g_meet_url
													FROM tbl_class_timings t
													left join tbl_student_subjects s on s.id = t.subject_id
													left join tbl_student_classes c on c.id = t.class_id
													left join tbl_techers r on r.id = t.teacher_id
													where c.class_name = ? and c.section_name=?
													and from_timing = ? ["10","A","12:20:00"] 
[2020-07-06 15:43:43] local.INFO: SELECT t.id, t.from_timing, t.to_timing, t.class_day, r.name, s.subject_name , t.is_lunch, r.g_meet_url
													FROM tbl_class_timings t
													left join tbl_student_subjects s on s.id = t.subject_id
													left join tbl_student_classes c on c.id = t.class_id
													left join tbl_techers r on r.id = t.teacher_id
													where c.class_name = ? and c.section_name=?
													and from_timing = ? ["10","A","13:00:00"] 
[2020-07-06 15:43:43] local.INFO: SELECT t.id, t.from_timing, t.to_timing, t.class_day, r.name, s.subject_name , t.is_lunch, r.g_meet_url
													FROM tbl_class_timings t
													left join tbl_student_subjects s on s.id = t.subject_id
													left join tbl_student_classes c on c.id = t.class_id
													left join tbl_techers r on r.id = t.teacher_id
													where c.class_name = ? and c.section_name=?
													and from_timing = ? ["10","A","13:40:00"] 
[2020-07-06 15:43:43] local.INFO: SELECT t.id, t.from_timing, t.to_timing, t.class_day, r.name, s.subject_name , t.is_lunch, r.g_meet_url
													FROM tbl_class_timings t
													left join tbl_student_subjects s on s.id = t.subject_id
													left join tbl_student_classes c on c.id = t.class_id
													left join tbl_techers r on r.id = t.teacher_id
													where c.class_name = ? and c.section_name=?
													and from_timing = ? ["10","A","14:00:00"] 
[2020-07-06 15:43:43] local.INFO: SELECT t.id, t.from_timing, t.to_timing, t.class_day, r.name, s.subject_name , t.is_lunch, r.g_meet_url
													FROM tbl_class_timings t
													left join tbl_student_subjects s on s.id = t.subject_id
													left join tbl_student_classes c on c.id = t.class_id
													left join tbl_techers r on r.id = t.teacher_id
													where c.class_name = ? and c.section_name=?
													and from_timing = ? ["10","A","14:20:00"] 
[2020-07-06 15:43:43] local.INFO: SELECT t.id, t.from_timing, t.to_timing, t.class_day, r.name, s.subject_name , t.is_lunch, r.g_meet_url
													FROM tbl_class_timings t
													left join tbl_student_subjects s on s.id = t.subject_id
													left join tbl_student_classes c on c.id = t.class_id
													left join tbl_techers r on r.id = t.teacher_id
													where c.class_name = ? and c.section_name=?
													and from_timing = ? ["10","A","15:00:00"] 
[2020-07-06 15:43:43] local.INFO: SELECT t.id, t.from_timing, t.to_timing, t.class_day, r.name, s.subject_name , t.is_lunch, r.g_meet_url
													FROM tbl_class_timings t
													left join tbl_student_subjects s on s.id = t.subject_id
													left join tbl_student_classes c on c.id = t.class_id
													left join tbl_techers r on r.id = t.teacher_id
													where c.class_name = ? and c.section_name=?
													and from_timing = ? ["10","A","16:00:00"] 
[2020-07-06 15:43:43] local.INFO: SELECT t.id, t.from_timing, t.to_timing, t.class_day, r.name, s.subject_name , t.is_lunch, r.g_meet_url
													FROM tbl_class_timings t
													left join tbl_student_subjects s on s.id = t.subject_id
													left join tbl_student_classes c on c.id = t.class_id
													left join tbl_techers r on r.id = t.teacher_id
													where c.class_name = ? and c.section_name=?
													and from_timing = ? ["10","A","17:00:00"] 
[2020-07-06 15:43:45] local.INFO: select s.id, s.name, s.email, s.phone, s.notify, c.class_name, c.section_name from tbl_students s left join tbl_classes c on c.id = s.class_id  
[2020-07-06 15:43:45] local.INFO: select * from `tbl_techers`  
[2020-07-06 15:43:45] local.INFO: select * from `tbl_student_classes`  
[2020-07-06 15:43:45] local.INFO: select * from `tbl_class_timings`  
[2020-07-06 15:43:45] local.INFO: select * from `tbl_students`  
[2020-07-06 15:43:45] local.INFO: select * from `tbl_cmslinks`  
[2020-07-06 15:43:45] local.INFO: select * from `tbl_support_help`  
[2020-07-06 15:43:45] local.INFO: select t.name,t.phone, s.description, s.class_join_link 
							from tbl_support_help s, tbl_techers t 
							where t.id = s.teacher_id 
								and s.status='1' 
								order by s.updated_at 
								desc limit 1  
[2020-07-06 15:43:47] local.INFO: select c.id, c.class, c.subject, s.subject_name, c.topic, c.link, c.assignment_link from tbl_cmslinks c, tbl_student_subjects s where c.subject = s.id  
[2020-07-06 15:43:47] local.INFO: select * from `tbl_techers`  
[2020-07-06 15:43:47] local.INFO: select * from `tbl_student_classes`  
[2020-07-06 15:43:47] local.INFO: select * from `tbl_class_timings`  
[2020-07-06 15:43:47] local.INFO: select * from `tbl_students`  
[2020-07-06 15:43:47] local.INFO: select * from `tbl_cmslinks`  
[2020-07-06 15:43:47] local.INFO: select * from `tbl_support_help`  
[2020-07-06 15:43:47] local.INFO: select t.name,t.phone, s.description, s.class_join_link 
							from tbl_support_help s, tbl_techers t 
							where t.id = s.teacher_id 
								and s.status='1' 
								order by s.updated_at 
								desc limit 1  
[2020-07-06 15:43:50] local.INFO: select s.id, s.name, s.email, s.phone, s.notify, c.class_name, c.section_name from tbl_students s left join tbl_classes c on c.id = s.class_id  
[2020-07-06 15:43:50] local.INFO: select * from `tbl_techers`  
[2020-07-06 15:43:50] local.INFO: select * from `tbl_student_classes`  
[2020-07-06 15:43:50] local.INFO: select * from `tbl_class_timings`  
[2020-07-06 15:43:50] local.INFO: select * from `tbl_students`  
[2020-07-06 15:43:50] local.INFO: select * from `tbl_cmslinks`  
[2020-07-06 15:43:50] local.INFO: select * from `tbl_support_help`  
[2020-07-06 15:43:50] local.INFO: select t.name,t.phone, s.description, s.class_join_link 
							from tbl_support_help s, tbl_techers t 
							where t.id = s.teacher_id 
								and s.status='1' 
								order by s.updated_at 
								desc limit 1  
